<?xml version="1.0" encoding="utf-8"?>
<test-run id="2" testcasecount="1" result="Passed" total="1" passed="1" failed="0" inconclusive="0" skipped="0" asserts="0" engine-version="3.5.0.0" clr-version="4.0.30319.42000" start-time="0001-01-01 00:00:00Z" end-time="0001-01-01 00:00:00Z" duration="1.0228692">
  <test-suite type="TestSuite" id="1000" name="CandyBarParodyIdle" fullname="CandyBarParodyIdle" runstate="Runnable" testcasecount="1" result="Passed" start-time="2025-07-08 14:27:25Z" end-time="2025-07-08 14:27:26Z" duration="1.022869" total="1" passed="1" failed="0" inconclusive="0" skipped="0" asserts="0">No Theme Style Sheet set to PanelSettings , UI will not render properly
<properties><property name="platform" value="PlayMode"></property></properties><test-suite type="Assembly" id="1003" name="Tests.dll" fullname="D:/Tiny Walnut Games/TWG_HOGT/Temp/UnityTempFile-45bc1e650a94fb94d9673387e82fcad2/PlayerWithTests/PlayerWithTests_Data/Managed/Tests.dll" runstate="Runnable" testcasecount="1" result="Passed" start-time="2025-07-08 14:27:25Z" end-time="2025-07-08 14:27:26Z" duration="1.009952" total="1" passed="1" failed="0" inconclusive="0" skipped="0" asserts="0">No Theme Style Sheet set to PanelSettings , UI will not render properly
<properties><property name="_PID" value="35876"></property><property name="_APPDOMAIN" value="Unity Root Domain"></property><property name="platform" value="PlayMode"></property><property name="EditorOnly" value="False"></property></properties><test-suite type="TestFixture" id="1001" name="ProgressBarTest" fullname="ProgressBarTest" classname="ProgressBarTest" runstate="Runnable" testcasecount="1" result="Passed" start-time="2025-07-08 14:27:25Z" end-time="2025-07-08 14:27:26Z" duration="1.006404" total="1" passed="1" failed="0" inconclusive="0" skipped="0" asserts="0">No Theme Style Sheet set to PanelSettings , UI will not render properly
<properties></properties><test-case id="1002" name="ProgressBar_Fills_WhenValueSet" fullname="ProgressBarTest.ProgressBar_Fills_WhenValueSet" methodname="ProgressBar_Fills_WhenValueSet" classname="ProgressBarTest" runstate="Runnable" seed="267951634" result="Passed" start-time="2025-07-08 14:27:25Z" end-time="2025-07-08 14:27:26Z" duration="0.990040" asserts="0">No Theme Style Sheet set to PanelSettings , UI will not render properly
<properties><property name="_JOINTYPE" value="UnityCombinatorial"></property><property name="retryIteration" value="0"></property><property name="repeatIteration" value="0"></property></properties><output>No Theme Style Sheet set to PanelSettings , UI will not render properly
</output></test-case></test-suite></test-suite></test-suite>
</test-run>